<?xml version="1.0" encoding="UTF-8"?>
<!-- Generated by org.testng.reporters.JUnitReportReporter -->
<testsuite skipped="0" hostname="Sarif-PC" name="codenbox.MavenProject.ValidTitleTest" tests="1" failures="0" timestamp="31 Dec 2019 03:40:40 GMT" time="11.337" errors="0">
  <testcase name="basePageTitle" time="11.337" classname="codenbox.MavenProject.ValidTitleTest"/>
</testsuite> <!-- codenbox.MavenProject.ValidTitleTest -->
