<?xml version="1.0" encoding="UTF-8"?>
<!-- Generated by org.testng.reporters.JUnitReportReporter -->
<testsuite skipped="0" hostname="Sarif-PC" name="codenbox.MavenProject.LoginPageTest" tests="1" failures="0" timestamp="31 Dec 2019 03:40:40 GMT" time="14.501" errors="0">
  <testcase name="basePageNavigation" time="14.501" classname="codenbox.MavenProject.LoginPageTest"/>
</testsuite> <!-- codenbox.MavenProject.LoginPageTest -->
