<?xml version="1.0" encoding="UTF-8"?>
<!-- Generated by org.testng.reporters.JUnitReportReporter -->
<testsuite skipped="0" hostname="Sarif-PC" name="codenbox.MavenProject.NavigationBarTest" tests="2" failures="0" timestamp="31 Dec 2019 03:40:40 GMT" time="4.306" errors="0">
  <testcase name="basePageNavigationBar" time="0.124" classname="codenbox.MavenProject.NavigationBarTest"/>
  <testcase name="dropDownSelect" time="4.182" classname="codenbox.MavenProject.NavigationBarTest"/>
</testsuite> <!-- codenbox.MavenProject.NavigationBarTest -->
