<?xml version="1.0" encoding="UTF-8"?>
<!-- Generated by org.testng.reporters.JUnitReportReporter -->
<testsuite skipped="0" hostname="Sarif-PC" name="codenbox.MavenProject.WdManagerTest" tests="1" failures="0" timestamp="28 Nov 2019 20:09:50 GMT" time="21.858" errors="0">
  <testcase name="codenboxTest" time="21.858" classname="codenbox.MavenProject.WdManagerTest"/>
</testsuite> <!-- codenbox.MavenProject.WdManagerTest -->
