<?xml version="1.0" encoding="UTF-8"?>
<!-- Generated by org.testng.reporters.JUnitReportReporter -->
<testsuite skipped="0" hostname="Sarif-PC" name="codenbox.MavenProject.NavigationBarTest" tests="2" failures="0" timestamp="31 Dec 2019 03:34:06 GMT" time="4.268" errors="0">
  <testcase name="dropDownSelect" time="4.171" classname="codenbox.MavenProject.NavigationBarTest"/>
  <testcase name="basePageNavigationBar" time="0.097" classname="codenbox.MavenProject.NavigationBarTest"/>
</testsuite> <!-- codenbox.MavenProject.NavigationBarTest -->
